The target system is: Linux -  - cortexa9hf-neon-fsl
The host system is: Linux - 5.14.0-1031-oem - x86_64
Compiling the CXX compiler identification source file "CMakeCXXCompilerId.cpp" succeeded.
Compiler: /opt/fsl-framebuffer/2.4.4/sysroots/x86_64-fslsdk-linux/usr/bin/arm-fsl-linux-gnueabi/arm-fsl-linux-gnueabi-g++ -march=armv7-a;-marm;-mfpu=neon;-mfloat-abi=hard;-mcpu=cortex-a9;--sysroot=/opt/fsl-framebuffer/2.4.4/sysroots/cortexa9hf-neon-fsl-linux-gnueabi
Build flags: ;-O2;-pipe;-feliminate-unused-debug-types;
Id flags:  

The output was:
0


Compilation of the CXX compiler identification source "CMakeCXXCompilerId.cpp" produced "a.out"

The CXX compiler identification is GNU, found in "/home/tc/work/CGU/sign_XinChangcheng/build/CMakeFiles/3.8.2/CompilerIdCXX/a.out"

Determining if the CXX compiler works passed with the following output:
Change Dir: /home/tc/work/CGU/sign_XinChangcheng/build/CMakeFiles/CMakeTmp

Run Build Command:"/usr/bin/make" "cmTC_f272c/fast"
/usr/bin/make -f CMakeFiles/cmTC_f272c.dir/build.make CMakeFiles/cmTC_f272c.dir/build
make[1]: 进入目录“/home/tc/work/CGU/sign_XinChangcheng/build/CMakeFiles/CMakeTmp”
Building CXX object CMakeFiles/cmTC_f272c.dir/testCXXCompiler.cxx.o
/opt/fsl-framebuffer/2.4.4/sysroots/x86_64-fslsdk-linux/usr/bin/arm-fsl-linux-gnueabi/arm-fsl-linux-gnueabi-g++   -march=armv7-a -marm -mfpu=neon -mfloat-abi=hard -mcpu=cortex-a9 --sysroot=/opt/fsl-framebuffer/2.4.4/sysroots/cortexa9hf-neon-fsl-linux-gnueabi    -O2 -pipe -feliminate-unused-debug-types     -o CMakeFiles/cmTC_f272c.dir/testCXXCompiler.cxx.o -c /home/tc/work/CGU/sign_XinChangcheng/build/CMakeFiles/CMakeTmp/testCXXCompiler.cxx
Linking CXX executable cmTC_f272c
/opt/fsl-framebuffer/2.4.4/sysroots/x86_64-fslsdk-linux/usr/bin/cmake -E cmake_link_script CMakeFiles/cmTC_f272c.dir/link.txt --verbose=1
/opt/fsl-framebuffer/2.4.4/sysroots/x86_64-fslsdk-linux/usr/bin/arm-fsl-linux-gnueabi/arm-fsl-linux-gnueabi-g++   -march=armv7-a -marm -mfpu=neon -mfloat-abi=hard -mcpu=cortex-a9 --sysroot=/opt/fsl-framebuffer/2.4.4/sysroots/cortexa9hf-neon-fsl-linux-gnueabi   -O2 -pipe -feliminate-unused-debug-types    -Wl,-O2 -Wl,--hash-style=gnu -Wl,--as-needed  CMakeFiles/cmTC_f272c.dir/testCXXCompiler.cxx.o  -o cmTC_f272c 
make[1]: 离开目录“/home/tc/work/CGU/sign_XinChangcheng/build/CMakeFiles/CMakeTmp”


Detecting CXX compiler ABI info compiled with the following output:
Change Dir: /home/tc/work/CGU/sign_XinChangcheng/build/CMakeFiles/CMakeTmp

Run Build Command:"/usr/bin/make" "cmTC_3f7c2/fast"
/usr/bin/make -f CMakeFiles/cmTC_3f7c2.dir/build.make CMakeFiles/cmTC_3f7c2.dir/build
make[1]: 进入目录“/home/tc/work/CGU/sign_XinChangcheng/build/CMakeFiles/CMakeTmp”
Building CXX object CMakeFiles/cmTC_3f7c2.dir/CMakeCXXCompilerABI.cpp.o
/opt/fsl-framebuffer/2.4.4/sysroots/x86_64-fslsdk-linux/usr/bin/arm-fsl-linux-gnueabi/arm-fsl-linux-gnueabi-g++   -march=armv7-a -marm -mfpu=neon -mfloat-abi=hard -mcpu=cortex-a9 --sysroot=/opt/fsl-framebuffer/2.4.4/sysroots/cortexa9hf-neon-fsl-linux-gnueabi    -O2 -pipe -feliminate-unused-debug-types     -o CMakeFiles/cmTC_3f7c2.dir/CMakeCXXCompilerABI.cpp.o -c /opt/fsl-framebuffer/2.4.4/sysroots/x86_64-fslsdk-linux/usr/share/cmake-3.8/Modules/CMakeCXXCompilerABI.cpp
Linking CXX executable cmTC_3f7c2
/opt/fsl-framebuffer/2.4.4/sysroots/x86_64-fslsdk-linux/usr/bin/cmake -E cmake_link_script CMakeFiles/cmTC_3f7c2.dir/link.txt --verbose=1
/opt/fsl-framebuffer/2.4.4/sysroots/x86_64-fslsdk-linux/usr/bin/arm-fsl-linux-gnueabi/arm-fsl-linux-gnueabi-g++   -march=armv7-a -marm -mfpu=neon -mfloat-abi=hard -mcpu=cortex-a9 --sysroot=/opt/fsl-framebuffer/2.4.4/sysroots/cortexa9hf-neon-fsl-linux-gnueabi   -O2 -pipe -feliminate-unused-debug-types    -Wl,-O2 -Wl,--hash-style=gnu -Wl,--as-needed -v CMakeFiles/cmTC_3f7c2.dir/CMakeCXXCompilerABI.cpp.o  -o cmTC_3f7c2 
Using built-in specs.
COLLECT_GCC=/opt/fsl-framebuffer/2.4.4/sysroots/x86_64-fslsdk-linux/usr/bin/arm-fsl-linux-gnueabi/arm-fsl-linux-gnueabi-g++
COLLECT_LTO_WRAPPER=/opt/fsl-framebuffer/2.4.4/sysroots/x86_64-fslsdk-linux/usr/libexec/arm-fsl-linux-gnueabi/gcc/arm-fsl-linux-gnueabi/7.3.0/lto-wrapper
Target: arm-fsl-linux-gnueabi
Configured with: ../../../../../../work-shared/gcc-7.3.0-r0/gcc-7.3.0/configure --build=x86_64-linux --host=x86_64-fslsdk-linux --target=arm-fsl-linux-gnueabi --prefix=/opt/fsl-framebuffer/2.4.4/sysroots/x86_64-fslsdk-linux/usr --exec_prefix=/opt/fsl-framebuffer/2.4.4/sysroots/x86_64-fslsdk-linux/usr --bindir=/opt/fsl-framebuffer/2.4.4/sysroots/x86_64-fslsdk-linux/usr/bin/arm-fsl-linux-gnueabi --sbindir=/opt/fsl-framebuffer/2.4.4/sysroots/x86_64-fslsdk-linux/usr/bin/arm-fsl-linux-gnueabi --libexecdir=/opt/fsl-framebuffer/2.4.4/sysroots/x86_64-fslsdk-linux/usr/libexec/arm-fsl-linux-gnueabi --datadir=/opt/fsl-framebuffer/2.4.4/sysroots/x86_64-fslsdk-linux/usr/share --sysconfdir=/opt/fsl-framebuffer/2.4.4/sysroots/x86_64-fslsdk-linux/etc --sharedstatedir=/opt/fsl-framebuffer/2.4.4/sysroots/x86_64-fslsdk-linux/com --localstatedir=/opt/fsl-framebuffer/2.4.4/sysroots/x86_64-fslsdk-linux/var --libdir=/opt/fsl-framebuffer/2.4.4/sysroots/x86_64-fslsdk-linux/usr/lib/arm-fsl-linux-gnueabi --includedir=/opt/fsl-framebuffer/2.4.4/sysroots/x86_64-fslsdk-linux/usr/include --oldincludedir=/opt/fsl-framebuffer/2.4.4/sysroots/x86_64-fslsdk-linux/usr/include --infodir=/opt/fsl-framebuffer/2.4.4/sysroots/x86_64-fslsdk-linux/usr/share/info --mandir=/opt/fsl-framebuffer/2.4.4/sysroots/x86_64-fslsdk-linux/usr/share/man --disable-silent-rules --disable-dependency-tracking --with-libtool-sysroot=/opt/carl/16200/workspace/imx6_0201/build/tmp/work/x86_64-nativesdk-fslsdk-linux/gcc-cross-canadian-arm/7.3.0-r0/recipe-sysroot --with-gnu-ld --enable-shared --enable-languages=c,c++ --enable-threads=posix --enable-multilib --enable-c99 --enable-long-long --enable-symvers=gnu --enable-libstdcxx-pch --program-prefix=arm-fsl-linux-gnueabi- --without-local-prefix --enable-lto --enable-libssp --enable-libitm --disable-bootstrap --disable-libmudflap --with-system-zlib --with-linker-hash-style=gnu --enable-linker-build-id --with-ppl=no --with-cloog=no --enable-checking=release --enable-cheaders=c_global --without-isl --with-gxx-include-dir=/not/exist/usr/include/c++/7.3.0 --with-build-time-tools=/opt/carl/16200/workspace/imx6_0201/build/tmp/work/x86_64-nativesdk-fslsdk-linux/gcc-cross-canadian-arm/7.3.0-r0/recipe-sysroot-native/usr/arm-fsl-linux-gnueabi/bin --with-sysroot=/not/exist --with-build-sysroot=/opt/carl/16200/workspace/imx6_0201/build/tmp/work/x86_64-nativesdk-fslsdk-linux/gcc-cross-canadian-arm/7.3.0-r0/recipe-sysroot --without-long-double-128 --enable-poison-system-directories --with-mpfr=/opt/carl/16200/workspace/imx6_0201/build/tmp/work/x86_64-nativesdk-fslsdk-linux/gcc-cross-canadian-arm/7.3.0-r0/recipe-sysroot --with-mpc=/opt/carl/16200/workspace/imx6_0201/build/tmp/work/x86_64-nativesdk-fslsdk-linux/gcc-cross-canadian-arm/7.3.0-r0/recipe-sysroot --disable-static --enable-nls --enable-initfini-array
Thread model: posix
gcc version 7.3.0 (GCC) 
COMPILER_PATH=/opt/fsl-framebuffer/2.4.4/sysroots/x86_64-fslsdk-linux/usr/libexec/arm-fsl-linux-gnueabi/gcc/arm-fsl-linux-gnueabi/7.3.0/:/opt/fsl-framebuffer/2.4.4/sysroots/x86_64-fslsdk-linux/usr/libexec/arm-fsl-linux-gnueabi/gcc/arm-fsl-linux-gnueabi/7.3.0/:/opt/fsl-framebuffer/2.4.4/sysroots/x86_64-fslsdk-linux/usr/libexec/arm-fsl-linux-gnueabi/gcc/arm-fsl-linux-gnueabi/:/opt/fsl-framebuffer/2.4.4/sysroots/x86_64-fslsdk-linux/usr/lib/arm-fsl-linux-gnueabi/gcc/arm-fsl-linux-gnueabi/7.3.0/:/opt/fsl-framebuffer/2.4.4/sysroots/x86_64-fslsdk-linux/usr/lib/arm-fsl-linux-gnueabi/gcc/arm-fsl-linux-gnueabi/
LIBRARY_PATH=/opt/fsl-framebuffer/2.4.4/sysroots/x86_64-fslsdk-linux/usr/lib/arm-fsl-linux-gnueabi/gcc/arm-fsl-linux-gnueabi/7.3.0/:/opt/fsl-framebuffer/2.4.4/sysroots/cortexa9hf-neon-fsl-linux-gnueabi/lib/:/opt/fsl-framebuffer/2.4.4/sysroots/cortexa9hf-neon-fsl-linux-gnueabi/usr/lib/arm-fsl-linux-gnueabi/7.3.0/:/opt/fsl-framebuffer/2.4.4/sysroots/cortexa9hf-neon-fsl-linux-gnueabi/usr/lib/
COLLECT_GCC_OPTIONS='--sysroot=/opt/fsl-framebuffer/2.4.4/sysroots/cortexa9hf-neon-fsl-linux-gnueabi' '-march=armv7-a' '-marm' '-mfpu=neon' '-mfloat-abi=hard' '-mcpu=cortex-a9' '-O2' '-pipe' '-feliminate-unused-debug-types' '-v' '-o' 'cmTC_3f7c2' '-shared-libgcc' '-mtls-dialect=gnu'
 /opt/fsl-framebuffer/2.4.4/sysroots/x86_64-fslsdk-linux/usr/libexec/arm-fsl-linux-gnueabi/gcc/arm-fsl-linux-gnueabi/7.3.0/collect2 -plugin /opt/fsl-framebuffer/2.4.4/sysroots/x86_64-fslsdk-linux/usr/libexec/arm-fsl-linux-gnueabi/gcc/arm-fsl-linux-gnueabi/7.3.0/liblto_plugin.so -plugin-opt=/opt/fsl-framebuffer/2.4.4/sysroots/x86_64-fslsdk-linux/usr/libexec/arm-fsl-linux-gnueabi/gcc/arm-fsl-linux-gnueabi/7.3.0/lto-wrapper -plugin-opt=-fresolution=/tmp/ccnCJLjM.res -plugin-opt=-pass-through=-lgcc_s -plugin-opt=-pass-through=-lgcc -plugin-opt=-pass-through=-lc -plugin-opt=-pass-through=-lgcc_s -plugin-opt=-pass-through=-lgcc --sysroot=/opt/fsl-framebuffer/2.4.4/sysroots/cortexa9hf-neon-fsl-linux-gnueabi --build-id --eh-frame-hdr --hash-style=gnu -dynamic-linker /lib/ld-linux-armhf.so.3 -X -m armelf_linux_eabi -o cmTC_3f7c2 /opt/fsl-framebuffer/2.4.4/sysroots/cortexa9hf-neon-fsl-linux-gnueabi/usr/lib/crt1.o /opt/fsl-framebuffer/2.4.4/sysroots/cortexa9hf-neon-fsl-linux-gnueabi/usr/lib/crti.o /opt/fsl-framebuffer/2.4.4/sysroots/cortexa9hf-neon-fsl-linux-gnueabi/usr/lib/arm-fsl-linux-gnueabi/7.3.0/crtbegin.o -L/opt/fsl-framebuffer/2.4.4/sysroots/x86_64-fslsdk-linux/usr/lib/arm-fsl-linux-gnueabi/gcc/arm-fsl-linux-gnueabi/7.3.0 -L/opt/fsl-framebuffer/2.4.4/sysroots/cortexa9hf-neon-fsl-linux-gnueabi/lib -L/opt/fsl-framebuffer/2.4.4/sysroots/cortexa9hf-neon-fsl-linux-gnueabi/usr/lib/arm-fsl-linux-gnueabi/7.3.0 -L/opt/fsl-framebuffer/2.4.4/sysroots/cortexa9hf-neon-fsl-linux-gnueabi/usr/lib -O2 --hash-style=gnu --as-needed CMakeFiles/cmTC_3f7c2.dir/CMakeCXXCompilerABI.cpp.o -lstdc++ -lm -lgcc_s -lgcc -lc -lgcc_s -lgcc /opt/fsl-framebuffer/2.4.4/sysroots/cortexa9hf-neon-fsl-linux-gnueabi/usr/lib/arm-fsl-linux-gnueabi/7.3.0/crtend.o /opt/fsl-framebuffer/2.4.4/sysroots/cortexa9hf-neon-fsl-linux-gnueabi/usr/lib/crtn.o
COLLECT_GCC_OPTIONS='--sysroot=/opt/fsl-framebuffer/2.4.4/sysroots/cortexa9hf-neon-fsl-linux-gnueabi' '-march=armv7-a' '-marm' '-mfpu=neon' '-mfloat-abi=hard' '-mcpu=cortex-a9' '-O2' '-pipe' '-feliminate-unused-debug-types' '-v' '-o' 'cmTC_3f7c2' '-shared-libgcc' '-mtls-dialect=gnu'
make[1]: 离开目录“/home/tc/work/CGU/sign_XinChangcheng/build/CMakeFiles/CMakeTmp”


Parsed CXX implicit link information from above output:
  link line regex: [^( *|.*[/\])(arm-fsl-linux-gnueabi-ld|([^/\]+-)?ld|collect2)[^/\]*( |$)]
  ignore line: [Change Dir: /home/tc/work/CGU/sign_XinChangcheng/build/CMakeFiles/CMakeTmp]
  ignore line: []
  ignore line: [Run Build Command:"/usr/bin/make" "cmTC_3f7c2/fast"]
  ignore line: [/usr/bin/make -f CMakeFiles/cmTC_3f7c2.dir/build.make CMakeFiles/cmTC_3f7c2.dir/build]
  ignore line: [make[1]: 进入目录“/home/tc/work/CGU/sign_XinChangcheng/build/CMakeFiles/CMakeTmp”]
  ignore line: [Building CXX object CMakeFiles/cmTC_3f7c2.dir/CMakeCXXCompilerABI.cpp.o]
  ignore line: [/opt/fsl-framebuffer/2.4.4/sysroots/x86_64-fslsdk-linux/usr/bin/arm-fsl-linux-gnueabi/arm-fsl-linux-gnueabi-g++   -march=armv7-a -marm -mfpu=neon -mfloat-abi=hard -mcpu=cortex-a9 --sysroot=/opt/fsl-framebuffer/2.4.4/sysroots/cortexa9hf-neon-fsl-linux-gnueabi    -O2 -pipe -feliminate-unused-debug-types     -o CMakeFiles/cmTC_3f7c2.dir/CMakeCXXCompilerABI.cpp.o -c /opt/fsl-framebuffer/2.4.4/sysroots/x86_64-fslsdk-linux/usr/share/cmake-3.8/Modules/CMakeCXXCompilerABI.cpp]
  ignore line: [Linking CXX executable cmTC_3f7c2]
  ignore line: [/opt/fsl-framebuffer/2.4.4/sysroots/x86_64-fslsdk-linux/usr/bin/cmake -E cmake_link_script CMakeFiles/cmTC_3f7c2.dir/link.txt --verbose=1]
  ignore line: [/opt/fsl-framebuffer/2.4.4/sysroots/x86_64-fslsdk-linux/usr/bin/arm-fsl-linux-gnueabi/arm-fsl-linux-gnueabi-g++   -march=armv7-a -marm -mfpu=neon -mfloat-abi=hard -mcpu=cortex-a9 --sysroot=/opt/fsl-framebuffer/2.4.4/sysroots/cortexa9hf-neon-fsl-linux-gnueabi   -O2 -pipe -feliminate-unused-debug-types    -Wl,-O2 -Wl,--hash-style=gnu -Wl,--as-needed -v CMakeFiles/cmTC_3f7c2.dir/CMakeCXXCompilerABI.cpp.o  -o cmTC_3f7c2 ]
  ignore line: [Using built-in specs.]
  ignore line: [COLLECT_GCC=/opt/fsl-framebuffer/2.4.4/sysroots/x86_64-fslsdk-linux/usr/bin/arm-fsl-linux-gnueabi/arm-fsl-linux-gnueabi-g++]
  ignore line: [COLLECT_LTO_WRAPPER=/opt/fsl-framebuffer/2.4.4/sysroots/x86_64-fslsdk-linux/usr/libexec/arm-fsl-linux-gnueabi/gcc/arm-fsl-linux-gnueabi/7.3.0/lto-wrapper]
  ignore line: [Target: arm-fsl-linux-gnueabi]
  ignore line: [Configured with: ../../../../../../work-shared/gcc-7.3.0-r0/gcc-7.3.0/configure --build=x86_64-linux --host=x86_64-fslsdk-linux --target=arm-fsl-linux-gnueabi --prefix=/opt/fsl-framebuffer/2.4.4/sysroots/x86_64-fslsdk-linux/usr --exec_prefix=/opt/fsl-framebuffer/2.4.4/sysroots/x86_64-fslsdk-linux/usr --bindir=/opt/fsl-framebuffer/2.4.4/sysroots/x86_64-fslsdk-linux/usr/bin/arm-fsl-linux-gnueabi --sbindir=/opt/fsl-framebuffer/2.4.4/sysroots/x86_64-fslsdk-linux/usr/bin/arm-fsl-linux-gnueabi --libexecdir=/opt/fsl-framebuffer/2.4.4/sysroots/x86_64-fslsdk-linux/usr/libexec/arm-fsl-linux-gnueabi --datadir=/opt/fsl-framebuffer/2.4.4/sysroots/x86_64-fslsdk-linux/usr/share --sysconfdir=/opt/fsl-framebuffer/2.4.4/sysroots/x86_64-fslsdk-linux/etc --sharedstatedir=/opt/fsl-framebuffer/2.4.4/sysroots/x86_64-fslsdk-linux/com --localstatedir=/opt/fsl-framebuffer/2.4.4/sysroots/x86_64-fslsdk-linux/var --libdir=/opt/fsl-framebuffer/2.4.4/sysroots/x86_64-fslsdk-linux/usr/lib/arm-fsl-linux-gnueabi --includedir=/opt/fsl-framebuffer/2.4.4/sysroots/x86_64-fslsdk-linux/usr/include --oldincludedir=/opt/fsl-framebuffer/2.4.4/sysroots/x86_64-fslsdk-linux/usr/include --infodir=/opt/fsl-framebuffer/2.4.4/sysroots/x86_64-fslsdk-linux/usr/share/info --mandir=/opt/fsl-framebuffer/2.4.4/sysroots/x86_64-fslsdk-linux/usr/share/man --disable-silent-rules --disable-dependency-tracking --with-libtool-sysroot=/opt/carl/16200/workspace/imx6_0201/build/tmp/work/x86_64-nativesdk-fslsdk-linux/gcc-cross-canadian-arm/7.3.0-r0/recipe-sysroot --with-gnu-ld --enable-shared --enable-languages=c,c++ --enable-threads=posix --enable-multilib --enable-c99 --enable-long-long --enable-symvers=gnu --enable-libstdcxx-pch --program-prefix=arm-fsl-linux-gnueabi- --without-local-prefix --enable-lto --enable-libssp --enable-libitm --disable-bootstrap --disable-libmudflap --with-system-zlib --with-linker-hash-style=gnu --enable-linker-build-id --with-ppl=no --with-cloog=no --enable-checking=release --enable-cheaders=c_global --without-isl --with-gxx-include-dir=/not/exist/usr/include/c++/7.3.0 --with-build-time-tools=/opt/carl/16200/workspace/imx6_0201/build/tmp/work/x86_64-nativesdk-fslsdk-linux/gcc-cross-canadian-arm/7.3.0-r0/recipe-sysroot-native/usr/arm-fsl-linux-gnueabi/bin --with-sysroot=/not/exist --with-build-sysroot=/opt/carl/16200/workspace/imx6_0201/build/tmp/work/x86_64-nativesdk-fslsdk-linux/gcc-cross-canadian-arm/7.3.0-r0/recipe-sysroot --without-long-double-128 --enable-poison-system-directories --with-mpfr=/opt/carl/16200/workspace/imx6_0201/build/tmp/work/x86_64-nativesdk-fslsdk-linux/gcc-cross-canadian-arm/7.3.0-r0/recipe-sysroot --with-mpc=/opt/carl/16200/workspace/imx6_0201/build/tmp/work/x86_64-nativesdk-fslsdk-linux/gcc-cross-canadian-arm/7.3.0-r0/recipe-sysroot --disable-static --enable-nls --enable-initfini-array]
  ignore line: [Thread model: posix]
  ignore line: [gcc version 7.3.0 (GCC) ]
  ignore line: [COMPILER_PATH=/opt/fsl-framebuffer/2.4.4/sysroots/x86_64-fslsdk-linux/usr/libexec/arm-fsl-linux-gnueabi/gcc/arm-fsl-linux-gnueabi/7.3.0/:/opt/fsl-framebuffer/2.4.4/sysroots/x86_64-fslsdk-linux/usr/libexec/arm-fsl-linux-gnueabi/gcc/arm-fsl-linux-gnueabi/7.3.0/:/opt/fsl-framebuffer/2.4.4/sysroots/x86_64-fslsdk-linux/usr/libexec/arm-fsl-linux-gnueabi/gcc/arm-fsl-linux-gnueabi/:/opt/fsl-framebuffer/2.4.4/sysroots/x86_64-fslsdk-linux/usr/lib/arm-fsl-linux-gnueabi/gcc/arm-fsl-linux-gnueabi/7.3.0/:/opt/fsl-framebuffer/2.4.4/sysroots/x86_64-fslsdk-linux/usr/lib/arm-fsl-linux-gnueabi/gcc/arm-fsl-linux-gnueabi/]
  ignore line: [LIBRARY_PATH=/opt/fsl-framebuffer/2.4.4/sysroots/x86_64-fslsdk-linux/usr/lib/arm-fsl-linux-gnueabi/gcc/arm-fsl-linux-gnueabi/7.3.0/:/opt/fsl-framebuffer/2.4.4/sysroots/cortexa9hf-neon-fsl-linux-gnueabi/lib/:/opt/fsl-framebuffer/2.4.4/sysroots/cortexa9hf-neon-fsl-linux-gnueabi/usr/lib/arm-fsl-linux-gnueabi/7.3.0/:/opt/fsl-framebuffer/2.4.4/sysroots/cortexa9hf-neon-fsl-linux-gnueabi/usr/lib/]
  ignore line: [COLLECT_GCC_OPTIONS='--sysroot=/opt/fsl-framebuffer/2.4.4/sysroots/cortexa9hf-neon-fsl-linux-gnueabi' '-march=armv7-a' '-marm' '-mfpu=neon' '-mfloat-abi=hard' '-mcpu=cortex-a9' '-O2' '-pipe' '-feliminate-unused-debug-types' '-v' '-o' 'cmTC_3f7c2' '-shared-libgcc' '-mtls-dialect=gnu']
  link line: [ /opt/fsl-framebuffer/2.4.4/sysroots/x86_64-fslsdk-linux/usr/libexec/arm-fsl-linux-gnueabi/gcc/arm-fsl-linux-gnueabi/7.3.0/collect2 -plugin /opt/fsl-framebuffer/2.4.4/sysroots/x86_64-fslsdk-linux/usr/libexec/arm-fsl-linux-gnueabi/gcc/arm-fsl-linux-gnueabi/7.3.0/liblto_plugin.so -plugin-opt=/opt/fsl-framebuffer/2.4.4/sysroots/x86_64-fslsdk-linux/usr/libexec/arm-fsl-linux-gnueabi/gcc/arm-fsl-linux-gnueabi/7.3.0/lto-wrapper -plugin-opt=-fresolution=/tmp/ccnCJLjM.res -plugin-opt=-pass-through=-lgcc_s -plugin-opt=-pass-through=-lgcc -plugin-opt=-pass-through=-lc -plugin-opt=-pass-through=-lgcc_s -plugin-opt=-pass-through=-lgcc --sysroot=/opt/fsl-framebuffer/2.4.4/sysroots/cortexa9hf-neon-fsl-linux-gnueabi --build-id --eh-frame-hdr --hash-style=gnu -dynamic-linker /lib/ld-linux-armhf.so.3 -X -m armelf_linux_eabi -o cmTC_3f7c2 /opt/fsl-framebuffer/2.4.4/sysroots/cortexa9hf-neon-fsl-linux-gnueabi/usr/lib/crt1.o /opt/fsl-framebuffer/2.4.4/sysroots/cortexa9hf-neon-fsl-linux-gnueabi/usr/lib/crti.o /opt/fsl-framebuffer/2.4.4/sysroots/cortexa9hf-neon-fsl-linux-gnueabi/usr/lib/arm-fsl-linux-gnueabi/7.3.0/crtbegin.o -L/opt/fsl-framebuffer/2.4.4/sysroots/x86_64-fslsdk-linux/usr/lib/arm-fsl-linux-gnueabi/gcc/arm-fsl-linux-gnueabi/7.3.0 -L/opt/fsl-framebuffer/2.4.4/sysroots/cortexa9hf-neon-fsl-linux-gnueabi/lib -L/opt/fsl-framebuffer/2.4.4/sysroots/cortexa9hf-neon-fsl-linux-gnueabi/usr/lib/arm-fsl-linux-gnueabi/7.3.0 -L/opt/fsl-framebuffer/2.4.4/sysroots/cortexa9hf-neon-fsl-linux-gnueabi/usr/lib -O2 --hash-style=gnu --as-needed CMakeFiles/cmTC_3f7c2.dir/CMakeCXXCompilerABI.cpp.o -lstdc++ -lm -lgcc_s -lgcc -lc -lgcc_s -lgcc /opt/fsl-framebuffer/2.4.4/sysroots/cortexa9hf-neon-fsl-linux-gnueabi/usr/lib/arm-fsl-linux-gnueabi/7.3.0/crtend.o /opt/fsl-framebuffer/2.4.4/sysroots/cortexa9hf-neon-fsl-linux-gnueabi/usr/lib/crtn.o]
    arg [/opt/fsl-framebuffer/2.4.4/sysroots/x86_64-fslsdk-linux/usr/libexec/arm-fsl-linux-gnueabi/gcc/arm-fsl-linux-gnueabi/7.3.0/collect2] ==> ignore
    arg [-plugin] ==> ignore
    arg [/opt/fsl-framebuffer/2.4.4/sysroots/x86_64-fslsdk-linux/usr/libexec/arm-fsl-linux-gnueabi/gcc/arm-fsl-linux-gnueabi/7.3.0/liblto_plugin.so] ==> ignore
    arg [-plugin-opt=/opt/fsl-framebuffer/2.4.4/sysroots/x86_64-fslsdk-linux/usr/libexec/arm-fsl-linux-gnueabi/gcc/arm-fsl-linux-gnueabi/7.3.0/lto-wrapper] ==> ignore
    arg [-plugin-opt=-fresolution=/tmp/ccnCJLjM.res] ==> ignore
    arg [-plugin-opt=-pass-through=-lgcc_s] ==> ignore
    arg [-plugin-opt=-pass-through=-lgcc] ==> ignore
    arg [-plugin-opt=-pass-through=-lc] ==> ignore
    arg [-plugin-opt=-pass-through=-lgcc_s] ==> ignore
    arg [-plugin-opt=-pass-through=-lgcc] ==> ignore
    arg [--sysroot=/opt/fsl-framebuffer/2.4.4/sysroots/cortexa9hf-neon-fsl-linux-gnueabi] ==> ignore
    arg [--build-id] ==> ignore
    arg [--eh-frame-hdr] ==> ignore
    arg [--hash-style=gnu] ==> ignore
    arg [-dynamic-linker] ==> ignore
    arg [/lib/ld-linux-armhf.so.3] ==> ignore
    arg [-X] ==> ignore
    arg [-m] ==> ignore
    arg [armelf_linux_eabi] ==> ignore
    arg [-o] ==> ignore
    arg [cmTC_3f7c2] ==> ignore
    arg [/opt/fsl-framebuffer/2.4.4/sysroots/cortexa9hf-neon-fsl-linux-gnueabi/usr/lib/crt1.o] ==> ignore
    arg [/opt/fsl-framebuffer/2.4.4/sysroots/cortexa9hf-neon-fsl-linux-gnueabi/usr/lib/crti.o] ==> ignore
    arg [/opt/fsl-framebuffer/2.4.4/sysroots/cortexa9hf-neon-fsl-linux-gnueabi/usr/lib/arm-fsl-linux-gnueabi/7.3.0/crtbegin.o] ==> ignore
    arg [-L/opt/fsl-framebuffer/2.4.4/sysroots/x86_64-fslsdk-linux/usr/lib/arm-fsl-linux-gnueabi/gcc/arm-fsl-linux-gnueabi/7.3.0] ==> dir [/opt/fsl-framebuffer/2.4.4/sysroots/x86_64-fslsdk-linux/usr/lib/arm-fsl-linux-gnueabi/gcc/arm-fsl-linux-gnueabi/7.3.0]
    arg [-L/opt/fsl-framebuffer/2.4.4/sysroots/cortexa9hf-neon-fsl-linux-gnueabi/lib] ==> dir [/opt/fsl-framebuffer/2.4.4/sysroots/cortexa9hf-neon-fsl-linux-gnueabi/lib]
    arg [-L/opt/fsl-framebuffer/2.4.4/sysroots/cortexa9hf-neon-fsl-linux-gnueabi/usr/lib/arm-fsl-linux-gnueabi/7.3.0] ==> dir [/opt/fsl-framebuffer/2.4.4/sysroots/cortexa9hf-neon-fsl-linux-gnueabi/usr/lib/arm-fsl-linux-gnueabi/7.3.0]
    arg [-L/opt/fsl-framebuffer/2.4.4/sysroots/cortexa9hf-neon-fsl-linux-gnueabi/usr/lib] ==> dir [/opt/fsl-framebuffer/2.4.4/sysroots/cortexa9hf-neon-fsl-linux-gnueabi/usr/lib]
    arg [-O2] ==> ignore
    arg [--hash-style=gnu] ==> ignore
    arg [--as-needed] ==> ignore
    arg [CMakeFiles/cmTC_3f7c2.dir/CMakeCXXCompilerABI.cpp.o] ==> ignore
    arg [-lstdc++] ==> lib [stdc++]
    arg [-lm] ==> lib [m]
    arg [-lgcc_s] ==> lib [gcc_s]
    arg [-lgcc] ==> lib [gcc]
    arg [-lc] ==> lib [c]
    arg [-lgcc_s] ==> lib [gcc_s]
    arg [-lgcc] ==> lib [gcc]
    arg [/opt/fsl-framebuffer/2.4.4/sysroots/cortexa9hf-neon-fsl-linux-gnueabi/usr/lib/arm-fsl-linux-gnueabi/7.3.0/crtend.o] ==> ignore
    arg [/opt/fsl-framebuffer/2.4.4/sysroots/cortexa9hf-neon-fsl-linux-gnueabi/usr/lib/crtn.o] ==> ignore
  remove lib [gcc_s]
  remove lib [gcc]
  remove lib [gcc_s]
  remove lib [gcc]
  collapse library dir [/opt/fsl-framebuffer/2.4.4/sysroots/x86_64-fslsdk-linux/usr/lib/arm-fsl-linux-gnueabi/gcc/arm-fsl-linux-gnueabi/7.3.0] ==> [/opt/fsl-framebuffer/2.4.4/sysroots/x86_64-fslsdk-linux/usr/lib/arm-fsl-linux-gnueabi/gcc/arm-fsl-linux-gnueabi/7.3.0]
  collapse library dir [/opt/fsl-framebuffer/2.4.4/sysroots/cortexa9hf-neon-fsl-linux-gnueabi/lib] ==> [/opt/fsl-framebuffer/2.4.4/sysroots/cortexa9hf-neon-fsl-linux-gnueabi/lib]
  collapse library dir [/opt/fsl-framebuffer/2.4.4/sysroots/cortexa9hf-neon-fsl-linux-gnueabi/usr/lib/arm-fsl-linux-gnueabi/7.3.0] ==> [/opt/fsl-framebuffer/2.4.4/sysroots/cortexa9hf-neon-fsl-linux-gnueabi/usr/lib/arm-fsl-linux-gnueabi/7.3.0]
  collapse library dir [/opt/fsl-framebuffer/2.4.4/sysroots/cortexa9hf-neon-fsl-linux-gnueabi/usr/lib] ==> [/opt/fsl-framebuffer/2.4.4/sysroots/cortexa9hf-neon-fsl-linux-gnueabi/usr/lib]
  implicit libs: [stdc++;m;c]
  implicit dirs: [/opt/fsl-framebuffer/2.4.4/sysroots/x86_64-fslsdk-linux/usr/lib/arm-fsl-linux-gnueabi/gcc/arm-fsl-linux-gnueabi/7.3.0;/opt/fsl-framebuffer/2.4.4/sysroots/cortexa9hf-neon-fsl-linux-gnueabi/lib;/opt/fsl-framebuffer/2.4.4/sysroots/cortexa9hf-neon-fsl-linux-gnueabi/usr/lib/arm-fsl-linux-gnueabi/7.3.0;/opt/fsl-framebuffer/2.4.4/sysroots/cortexa9hf-neon-fsl-linux-gnueabi/usr/lib]
  implicit fwks: []




Detecting CXX [-std=c++1z] compiler features compiled with the following output:
Change Dir: /home/tc/work/CGU/sign_XinChangcheng/build/CMakeFiles/CMakeTmp

Run Build Command:"/usr/bin/make" "cmTC_be39e/fast"
/usr/bin/make -f CMakeFiles/cmTC_be39e.dir/build.make CMakeFiles/cmTC_be39e.dir/build
make[1]: 进入目录“/home/tc/work/CGU/sign_XinChangcheng/build/CMakeFiles/CMakeTmp”
Building CXX object CMakeFiles/cmTC_be39e.dir/feature_tests.cxx.o
/opt/fsl-framebuffer/2.4.4/sysroots/x86_64-fslsdk-linux/usr/bin/arm-fsl-linux-gnueabi/arm-fsl-linux-gnueabi-g++   -march=armv7-a -marm -mfpu=neon -mfloat-abi=hard -mcpu=cortex-a9 --sysroot=/opt/fsl-framebuffer/2.4.4/sysroots/cortexa9hf-neon-fsl-linux-gnueabi    -O2 -pipe -feliminate-unused-debug-types     -std=c++1z -o CMakeFiles/cmTC_be39e.dir/feature_tests.cxx.o -c /home/tc/work/CGU/sign_XinChangcheng/build/CMakeFiles/feature_tests.cxx
Linking CXX executable cmTC_be39e
/opt/fsl-framebuffer/2.4.4/sysroots/x86_64-fslsdk-linux/usr/bin/cmake -E cmake_link_script CMakeFiles/cmTC_be39e.dir/link.txt --verbose=1
/opt/fsl-framebuffer/2.4.4/sysroots/x86_64-fslsdk-linux/usr/bin/arm-fsl-linux-gnueabi/arm-fsl-linux-gnueabi-g++   -march=armv7-a -marm -mfpu=neon -mfloat-abi=hard -mcpu=cortex-a9 --sysroot=/opt/fsl-framebuffer/2.4.4/sysroots/cortexa9hf-neon-fsl-linux-gnueabi   -O2 -pipe -feliminate-unused-debug-types    -Wl,-O2 -Wl,--hash-style=gnu -Wl,--as-needed  CMakeFiles/cmTC_be39e.dir/feature_tests.cxx.o  -o cmTC_be39e 
make[1]: 离开目录“/home/tc/work/CGU/sign_XinChangcheng/build/CMakeFiles/CMakeTmp”


    Feature record: CXX_FEATURE:1cxx_aggregate_default_initializers
    Feature record: CXX_FEATURE:1cxx_alias_templates
    Feature record: CXX_FEATURE:1cxx_alignas
    Feature record: CXX_FEATURE:1cxx_alignof
    Feature record: CXX_FEATURE:1cxx_attributes
    Feature record: CXX_FEATURE:1cxx_attribute_deprecated
    Feature record: CXX_FEATURE:1cxx_auto_type
    Feature record: CXX_FEATURE:1cxx_binary_literals
    Feature record: CXX_FEATURE:1cxx_constexpr
    Feature record: CXX_FEATURE:1cxx_contextual_conversions
    Feature record: CXX_FEATURE:1cxx_decltype
    Feature record: CXX_FEATURE:1cxx_decltype_auto
    Feature record: CXX_FEATURE:1cxx_decltype_incomplete_return_types
    Feature record: CXX_FEATURE:1cxx_default_function_template_args
    Feature record: CXX_FEATURE:1cxx_defaulted_functions
    Feature record: CXX_FEATURE:1cxx_defaulted_move_initializers
    Feature record: CXX_FEATURE:1cxx_delegating_constructors
    Feature record: CXX_FEATURE:1cxx_deleted_functions
    Feature record: CXX_FEATURE:1cxx_digit_separators
    Feature record: CXX_FEATURE:1cxx_enum_forward_declarations
    Feature record: CXX_FEATURE:1cxx_explicit_conversions
    Feature record: CXX_FEATURE:1cxx_extended_friend_declarations
    Feature record: CXX_FEATURE:1cxx_extern_templates
    Feature record: CXX_FEATURE:1cxx_final
    Feature record: CXX_FEATURE:1cxx_func_identifier
    Feature record: CXX_FEATURE:1cxx_generalized_initializers
    Feature record: CXX_FEATURE:1cxx_generic_lambdas
    Feature record: CXX_FEATURE:1cxx_inheriting_constructors
    Feature record: CXX_FEATURE:1cxx_inline_namespaces
    Feature record: CXX_FEATURE:1cxx_lambdas
    Feature record: CXX_FEATURE:1cxx_lambda_init_captures
    Feature record: CXX_FEATURE:1cxx_local_type_template_args
    Feature record: CXX_FEATURE:1cxx_long_long_type
    Feature record: CXX_FEATURE:1cxx_noexcept
    Feature record: CXX_FEATURE:1cxx_nonstatic_member_init
    Feature record: CXX_FEATURE:1cxx_nullptr
    Feature record: CXX_FEATURE:1cxx_override
    Feature record: CXX_FEATURE:1cxx_range_for
    Feature record: CXX_FEATURE:1cxx_raw_string_literals
    Feature record: CXX_FEATURE:1cxx_reference_qualified_functions
    Feature record: CXX_FEATURE:1cxx_relaxed_constexpr
    Feature record: CXX_FEATURE:1cxx_return_type_deduction
    Feature record: CXX_FEATURE:1cxx_right_angle_brackets
    Feature record: CXX_FEATURE:1cxx_rvalue_references
    Feature record: CXX_FEATURE:1cxx_sizeof_member
    Feature record: CXX_FEATURE:1cxx_static_assert
    Feature record: CXX_FEATURE:1cxx_strong_enums
    Feature record: CXX_FEATURE:1cxx_template_template_parameters
    Feature record: CXX_FEATURE:1cxx_thread_local
    Feature record: CXX_FEATURE:1cxx_trailing_return_types
    Feature record: CXX_FEATURE:1cxx_unicode_literals
    Feature record: CXX_FEATURE:1cxx_uniform_initialization
    Feature record: CXX_FEATURE:1cxx_unrestricted_unions
    Feature record: CXX_FEATURE:1cxx_user_literals
    Feature record: CXX_FEATURE:1cxx_variable_templates
    Feature record: CXX_FEATURE:1cxx_variadic_macros
    Feature record: CXX_FEATURE:1cxx_variadic_templates


Detecting CXX [-std=c++14] compiler features compiled with the following output:
Change Dir: /home/tc/work/CGU/sign_XinChangcheng/build/CMakeFiles/CMakeTmp

Run Build Command:"/usr/bin/make" "cmTC_66f24/fast"
/usr/bin/make -f CMakeFiles/cmTC_66f24.dir/build.make CMakeFiles/cmTC_66f24.dir/build
make[1]: 进入目录“/home/tc/work/CGU/sign_XinChangcheng/build/CMakeFiles/CMakeTmp”
Building CXX object CMakeFiles/cmTC_66f24.dir/feature_tests.cxx.o
/opt/fsl-framebuffer/2.4.4/sysroots/x86_64-fslsdk-linux/usr/bin/arm-fsl-linux-gnueabi/arm-fsl-linux-gnueabi-g++   -march=armv7-a -marm -mfpu=neon -mfloat-abi=hard -mcpu=cortex-a9 --sysroot=/opt/fsl-framebuffer/2.4.4/sysroots/cortexa9hf-neon-fsl-linux-gnueabi    -O2 -pipe -feliminate-unused-debug-types     -std=c++14 -o CMakeFiles/cmTC_66f24.dir/feature_tests.cxx.o -c /home/tc/work/CGU/sign_XinChangcheng/build/CMakeFiles/feature_tests.cxx
Linking CXX executable cmTC_66f24
/opt/fsl-framebuffer/2.4.4/sysroots/x86_64-fslsdk-linux/usr/bin/cmake -E cmake_link_script CMakeFiles/cmTC_66f24.dir/link.txt --verbose=1
/opt/fsl-framebuffer/2.4.4/sysroots/x86_64-fslsdk-linux/usr/bin/arm-fsl-linux-gnueabi/arm-fsl-linux-gnueabi-g++   -march=armv7-a -marm -mfpu=neon -mfloat-abi=hard -mcpu=cortex-a9 --sysroot=/opt/fsl-framebuffer/2.4.4/sysroots/cortexa9hf-neon-fsl-linux-gnueabi   -O2 -pipe -feliminate-unused-debug-types    -Wl,-O2 -Wl,--hash-style=gnu -Wl,--as-needed  CMakeFiles/cmTC_66f24.dir/feature_tests.cxx.o  -o cmTC_66f24 
make[1]: 离开目录“/home/tc/work/CGU/sign_XinChangcheng/build/CMakeFiles/CMakeTmp”


    Feature record: CXX_FEATURE:1cxx_aggregate_default_initializers
    Feature record: CXX_FEATURE:1cxx_alias_templates
    Feature record: CXX_FEATURE:1cxx_alignas
    Feature record: CXX_FEATURE:1cxx_alignof
    Feature record: CXX_FEATURE:1cxx_attributes
    Feature record: CXX_FEATURE:1cxx_attribute_deprecated
    Feature record: CXX_FEATURE:1cxx_auto_type
    Feature record: CXX_FEATURE:1cxx_binary_literals
    Feature record: CXX_FEATURE:1cxx_constexpr
    Feature record: CXX_FEATURE:1cxx_contextual_conversions
    Feature record: CXX_FEATURE:1cxx_decltype
    Feature record: CXX_FEATURE:1cxx_decltype_auto
    Feature record: CXX_FEATURE:1cxx_decltype_incomplete_return_types
    Feature record: CXX_FEATURE:1cxx_default_function_template_args
    Feature record: CXX_FEATURE:1cxx_defaulted_functions
    Feature record: CXX_FEATURE:1cxx_defaulted_move_initializers
    Feature record: CXX_FEATURE:1cxx_delegating_constructors
    Feature record: CXX_FEATURE:1cxx_deleted_functions
    Feature record: CXX_FEATURE:1cxx_digit_separators
    Feature record: CXX_FEATURE:1cxx_enum_forward_declarations
    Feature record: CXX_FEATURE:1cxx_explicit_conversions
    Feature record: CXX_FEATURE:1cxx_extended_friend_declarations
    Feature record: CXX_FEATURE:1cxx_extern_templates
    Feature record: CXX_FEATURE:1cxx_final
    Feature record: CXX_FEATURE:1cxx_func_identifier
    Feature record: CXX_FEATURE:1cxx_generalized_initializers
    Feature record: CXX_FEATURE:1cxx_generic_lambdas
    Feature record: CXX_FEATURE:1cxx_inheriting_constructors
    Feature record: CXX_FEATURE:1cxx_inline_namespaces
    Feature record: CXX_FEATURE:1cxx_lambdas
    Feature record: CXX_FEATURE:1cxx_lambda_init_captures
    Feature record: CXX_FEATURE:1cxx_local_type_template_args
    Feature record: CXX_FEATURE:1cxx_long_long_type
    Feature record: CXX_FEATURE:1cxx_noexcept
    Feature record: CXX_FEATURE:1cxx_nonstatic_member_init
    Feature record: CXX_FEATURE:1cxx_nullptr
    Feature record: CXX_FEATURE:1cxx_override
    Feature record: CXX_FEATURE:1cxx_range_for
    Feature record: CXX_FEATURE:1cxx_raw_string_literals
    Feature record: CXX_FEATURE:1cxx_reference_qualified_functions
    Feature record: CXX_FEATURE:1cxx_relaxed_constexpr
    Feature record: CXX_FEATURE:1cxx_return_type_deduction
    Feature record: CXX_FEATURE:1cxx_right_angle_brackets
    Feature record: CXX_FEATURE:1cxx_rvalue_references
    Feature record: CXX_FEATURE:1cxx_sizeof_member
    Feature record: CXX_FEATURE:1cxx_static_assert
    Feature record: CXX_FEATURE:1cxx_strong_enums
    Feature record: CXX_FEATURE:1cxx_template_template_parameters
    Feature record: CXX_FEATURE:1cxx_thread_local
    Feature record: CXX_FEATURE:1cxx_trailing_return_types
    Feature record: CXX_FEATURE:1cxx_unicode_literals
    Feature record: CXX_FEATURE:1cxx_uniform_initialization
    Feature record: CXX_FEATURE:1cxx_unrestricted_unions
    Feature record: CXX_FEATURE:1cxx_user_literals
    Feature record: CXX_FEATURE:1cxx_variable_templates
    Feature record: CXX_FEATURE:1cxx_variadic_macros
    Feature record: CXX_FEATURE:1cxx_variadic_templates


Detecting CXX [-std=c++11] compiler features compiled with the following output:
Change Dir: /home/tc/work/CGU/sign_XinChangcheng/build/CMakeFiles/CMakeTmp

Run Build Command:"/usr/bin/make" "cmTC_8189f/fast"
/usr/bin/make -f CMakeFiles/cmTC_8189f.dir/build.make CMakeFiles/cmTC_8189f.dir/build
make[1]: 进入目录“/home/tc/work/CGU/sign_XinChangcheng/build/CMakeFiles/CMakeTmp”
Building CXX object CMakeFiles/cmTC_8189f.dir/feature_tests.cxx.o
/opt/fsl-framebuffer/2.4.4/sysroots/x86_64-fslsdk-linux/usr/bin/arm-fsl-linux-gnueabi/arm-fsl-linux-gnueabi-g++   -march=armv7-a -marm -mfpu=neon -mfloat-abi=hard -mcpu=cortex-a9 --sysroot=/opt/fsl-framebuffer/2.4.4/sysroots/cortexa9hf-neon-fsl-linux-gnueabi    -O2 -pipe -feliminate-unused-debug-types     -std=c++11 -o CMakeFiles/cmTC_8189f.dir/feature_tests.cxx.o -c /home/tc/work/CGU/sign_XinChangcheng/build/CMakeFiles/feature_tests.cxx
Linking CXX executable cmTC_8189f
/opt/fsl-framebuffer/2.4.4/sysroots/x86_64-fslsdk-linux/usr/bin/cmake -E cmake_link_script CMakeFiles/cmTC_8189f.dir/link.txt --verbose=1
/opt/fsl-framebuffer/2.4.4/sysroots/x86_64-fslsdk-linux/usr/bin/arm-fsl-linux-gnueabi/arm-fsl-linux-gnueabi-g++   -march=armv7-a -marm -mfpu=neon -mfloat-abi=hard -mcpu=cortex-a9 --sysroot=/opt/fsl-framebuffer/2.4.4/sysroots/cortexa9hf-neon-fsl-linux-gnueabi   -O2 -pipe -feliminate-unused-debug-types    -Wl,-O2 -Wl,--hash-style=gnu -Wl,--as-needed  CMakeFiles/cmTC_8189f.dir/feature_tests.cxx.o  -o cmTC_8189f 
make[1]: 离开目录“/home/tc/work/CGU/sign_XinChangcheng/build/CMakeFiles/CMakeTmp”


    Feature record: CXX_FEATURE:0cxx_aggregate_default_initializers
    Feature record: CXX_FEATURE:1cxx_alias_templates
    Feature record: CXX_FEATURE:1cxx_alignas
    Feature record: CXX_FEATURE:1cxx_alignof
    Feature record: CXX_FEATURE:1cxx_attributes
    Feature record: CXX_FEATURE:0cxx_attribute_deprecated
    Feature record: CXX_FEATURE:1cxx_auto_type
    Feature record: CXX_FEATURE:0cxx_binary_literals
    Feature record: CXX_FEATURE:1cxx_constexpr
    Feature record: CXX_FEATURE:0cxx_contextual_conversions
    Feature record: CXX_FEATURE:1cxx_decltype
    Feature record: CXX_FEATURE:0cxx_decltype_auto
    Feature record: CXX_FEATURE:1cxx_decltype_incomplete_return_types
    Feature record: CXX_FEATURE:1cxx_default_function_template_args
    Feature record: CXX_FEATURE:1cxx_defaulted_functions
    Feature record: CXX_FEATURE:1cxx_defaulted_move_initializers
    Feature record: CXX_FEATURE:1cxx_delegating_constructors
    Feature record: CXX_FEATURE:1cxx_deleted_functions
    Feature record: CXX_FEATURE:0cxx_digit_separators
    Feature record: CXX_FEATURE:1cxx_enum_forward_declarations
    Feature record: CXX_FEATURE:1cxx_explicit_conversions
    Feature record: CXX_FEATURE:1cxx_extended_friend_declarations
    Feature record: CXX_FEATURE:1cxx_extern_templates
    Feature record: CXX_FEATURE:1cxx_final
    Feature record: CXX_FEATURE:1cxx_func_identifier
    Feature record: CXX_FEATURE:1cxx_generalized_initializers
    Feature record: CXX_FEATURE:0cxx_generic_lambdas
    Feature record: CXX_FEATURE:1cxx_inheriting_constructors
    Feature record: CXX_FEATURE:1cxx_inline_namespaces
    Feature record: CXX_FEATURE:1cxx_lambdas
    Feature record: CXX_FEATURE:0cxx_lambda_init_captures
    Feature record: CXX_FEATURE:1cxx_local_type_template_args
    Feature record: CXX_FEATURE:1cxx_long_long_type
    Feature record: CXX_FEATURE:1cxx_noexcept
    Feature record: CXX_FEATURE:1cxx_nonstatic_member_init
    Feature record: CXX_FEATURE:1cxx_nullptr
    Feature record: CXX_FEATURE:1cxx_override
    Feature record: CXX_FEATURE:1cxx_range_for
    Feature record: CXX_FEATURE:1cxx_raw_string_literals
    Feature record: CXX_FEATURE:1cxx_reference_qualified_functions
    Feature record: CXX_FEATURE:0cxx_relaxed_constexpr
    Feature record: CXX_FEATURE:0cxx_return_type_deduction
    Feature record: CXX_FEATURE:1cxx_right_angle_brackets
    Feature record: CXX_FEATURE:1cxx_rvalue_references
    Feature record: CXX_FEATURE:1cxx_sizeof_member
    Feature record: CXX_FEATURE:1cxx_static_assert
    Feature record: CXX_FEATURE:1cxx_strong_enums
    Feature record: CXX_FEATURE:1cxx_template_template_parameters
    Feature record: CXX_FEATURE:1cxx_thread_local
    Feature record: CXX_FEATURE:1cxx_trailing_return_types
    Feature record: CXX_FEATURE:1cxx_unicode_literals
    Feature record: CXX_FEATURE:1cxx_uniform_initialization
    Feature record: CXX_FEATURE:1cxx_unrestricted_unions
    Feature record: CXX_FEATURE:1cxx_user_literals
    Feature record: CXX_FEATURE:0cxx_variable_templates
    Feature record: CXX_FEATURE:1cxx_variadic_macros
    Feature record: CXX_FEATURE:1cxx_variadic_templates


Detecting CXX [-std=c++98] compiler features compiled with the following output:
Change Dir: /home/tc/work/CGU/sign_XinChangcheng/build/CMakeFiles/CMakeTmp

Run Build Command:"/usr/bin/make" "cmTC_aee02/fast"
/usr/bin/make -f CMakeFiles/cmTC_aee02.dir/build.make CMakeFiles/cmTC_aee02.dir/build
make[1]: 进入目录“/home/tc/work/CGU/sign_XinChangcheng/build/CMakeFiles/CMakeTmp”
Building CXX object CMakeFiles/cmTC_aee02.dir/feature_tests.cxx.o
/opt/fsl-framebuffer/2.4.4/sysroots/x86_64-fslsdk-linux/usr/bin/arm-fsl-linux-gnueabi/arm-fsl-linux-gnueabi-g++   -march=armv7-a -marm -mfpu=neon -mfloat-abi=hard -mcpu=cortex-a9 --sysroot=/opt/fsl-framebuffer/2.4.4/sysroots/cortexa9hf-neon-fsl-linux-gnueabi    -O2 -pipe -feliminate-unused-debug-types     -std=c++98 -o CMakeFiles/cmTC_aee02.dir/feature_tests.cxx.o -c /home/tc/work/CGU/sign_XinChangcheng/build/CMakeFiles/feature_tests.cxx
Linking CXX executable cmTC_aee02
/opt/fsl-framebuffer/2.4.4/sysroots/x86_64-fslsdk-linux/usr/bin/cmake -E cmake_link_script CMakeFiles/cmTC_aee02.dir/link.txt --verbose=1
/opt/fsl-framebuffer/2.4.4/sysroots/x86_64-fslsdk-linux/usr/bin/arm-fsl-linux-gnueabi/arm-fsl-linux-gnueabi-g++   -march=armv7-a -marm -mfpu=neon -mfloat-abi=hard -mcpu=cortex-a9 --sysroot=/opt/fsl-framebuffer/2.4.4/sysroots/cortexa9hf-neon-fsl-linux-gnueabi   -O2 -pipe -feliminate-unused-debug-types    -Wl,-O2 -Wl,--hash-style=gnu -Wl,--as-needed  CMakeFiles/cmTC_aee02.dir/feature_tests.cxx.o  -o cmTC_aee02 
make[1]: 离开目录“/home/tc/work/CGU/sign_XinChangcheng/build/CMakeFiles/CMakeTmp”


    Feature record: CXX_FEATURE:0cxx_aggregate_default_initializers
    Feature record: CXX_FEATURE:0cxx_alias_templates
    Feature record: CXX_FEATURE:0cxx_alignas
    Feature record: CXX_FEATURE:0cxx_alignof
    Feature record: CXX_FEATURE:0cxx_attributes
    Feature record: CXX_FEATURE:0cxx_attribute_deprecated
    Feature record: CXX_FEATURE:0cxx_auto_type
    Feature record: CXX_FEATURE:0cxx_binary_literals
    Feature record: CXX_FEATURE:0cxx_constexpr
    Feature record: CXX_FEATURE:0cxx_contextual_conversions
    Feature record: CXX_FEATURE:0cxx_decltype
    Feature record: CXX_FEATURE:0cxx_decltype_auto
    Feature record: CXX_FEATURE:0cxx_decltype_incomplete_return_types
    Feature record: CXX_FEATURE:0cxx_default_function_template_args
    Feature record: CXX_FEATURE:0cxx_defaulted_functions
    Feature record: CXX_FEATURE:0cxx_defaulted_move_initializers
    Feature record: CXX_FEATURE:0cxx_delegating_constructors
    Feature record: CXX_FEATURE:0cxx_deleted_functions
    Feature record: CXX_FEATURE:0cxx_digit_separators
    Feature record: CXX_FEATURE:0cxx_enum_forward_declarations
    Feature record: CXX_FEATURE:0cxx_explicit_conversions
    Feature record: CXX_FEATURE:0cxx_extended_friend_declarations
    Feature record: CXX_FEATURE:0cxx_extern_templates
    Feature record: CXX_FEATURE:0cxx_final
    Feature record: CXX_FEATURE:0cxx_func_identifier
    Feature record: CXX_FEATURE:0cxx_generalized_initializers
    Feature record: CXX_FEATURE:0cxx_generic_lambdas
    Feature record: CXX_FEATURE:0cxx_inheriting_constructors
    Feature record: CXX_FEATURE:0cxx_inline_namespaces
    Feature record: CXX_FEATURE:0cxx_lambdas
    Feature record: CXX_FEATURE:0cxx_lambda_init_captures
    Feature record: CXX_FEATURE:0cxx_local_type_template_args
    Feature record: CXX_FEATURE:0cxx_long_long_type
    Feature record: CXX_FEATURE:0cxx_noexcept
    Feature record: CXX_FEATURE:0cxx_nonstatic_member_init
    Feature record: CXX_FEATURE:0cxx_nullptr
    Feature record: CXX_FEATURE:0cxx_override
    Feature record: CXX_FEATURE:0cxx_range_for
    Feature record: CXX_FEATURE:0cxx_raw_string_literals
    Feature record: CXX_FEATURE:0cxx_reference_qualified_functions
    Feature record: CXX_FEATURE:0cxx_relaxed_constexpr
    Feature record: CXX_FEATURE:0cxx_return_type_deduction
    Feature record: CXX_FEATURE:0cxx_right_angle_brackets
    Feature record: CXX_FEATURE:0cxx_rvalue_references
    Feature record: CXX_FEATURE:0cxx_sizeof_member
    Feature record: CXX_FEATURE:0cxx_static_assert
    Feature record: CXX_FEATURE:0cxx_strong_enums
    Feature record: CXX_FEATURE:1cxx_template_template_parameters
    Feature record: CXX_FEATURE:0cxx_thread_local
    Feature record: CXX_FEATURE:0cxx_trailing_return_types
    Feature record: CXX_FEATURE:0cxx_unicode_literals
    Feature record: CXX_FEATURE:0cxx_uniform_initialization
    Feature record: CXX_FEATURE:0cxx_unrestricted_unions
    Feature record: CXX_FEATURE:0cxx_user_literals
    Feature record: CXX_FEATURE:0cxx_variable_templates
    Feature record: CXX_FEATURE:0cxx_variadic_macros
    Feature record: CXX_FEATURE:0cxx_variadic_templates
Determining if the include file pthread.h exists passed with the following output:
Change Dir: /home/tc/work/CGU/sign_XinChangcheng/build/CMakeFiles/CMakeTmp

Run Build Command:"/usr/bin/make" "cmTC_79e11/fast"
/usr/bin/make -f CMakeFiles/cmTC_79e11.dir/build.make CMakeFiles/cmTC_79e11.dir/build
make[1]: 进入目录“/home/tc/work/CGU/sign_XinChangcheng/build/CMakeFiles/CMakeTmp”
Building CXX object CMakeFiles/cmTC_79e11.dir/CheckIncludeFile.cxx.o
/opt/fsl-framebuffer/2.4.4/sysroots/x86_64-fslsdk-linux/usr/bin/arm-fsl-linux-gnueabi/arm-fsl-linux-gnueabi-g++   -march=armv7-a -marm -mfpu=neon -mfloat-abi=hard -mcpu=cortex-a9 --sysroot=/opt/fsl-framebuffer/2.4.4/sysroots/cortexa9hf-neon-fsl-linux-gnueabi    -O2 -pipe -feliminate-unused-debug-types     -o CMakeFiles/cmTC_79e11.dir/CheckIncludeFile.cxx.o -c /home/tc/work/CGU/sign_XinChangcheng/build/CMakeFiles/CMakeTmp/CheckIncludeFile.cxx
Linking CXX executable cmTC_79e11
/opt/fsl-framebuffer/2.4.4/sysroots/x86_64-fslsdk-linux/usr/bin/cmake -E cmake_link_script CMakeFiles/cmTC_79e11.dir/link.txt --verbose=1
/opt/fsl-framebuffer/2.4.4/sysroots/x86_64-fslsdk-linux/usr/bin/arm-fsl-linux-gnueabi/arm-fsl-linux-gnueabi-g++   -march=armv7-a -marm -mfpu=neon -mfloat-abi=hard -mcpu=cortex-a9 --sysroot=/opt/fsl-framebuffer/2.4.4/sysroots/cortexa9hf-neon-fsl-linux-gnueabi   -O2 -pipe -feliminate-unused-debug-types    -Wl,-O2 -Wl,--hash-style=gnu -Wl,--as-needed  CMakeFiles/cmTC_79e11.dir/CheckIncludeFile.cxx.o  -o cmTC_79e11 
make[1]: 离开目录“/home/tc/work/CGU/sign_XinChangcheng/build/CMakeFiles/CMakeTmp”


Determining if the function pthread_create exists in the pthread passed with the following output:
Change Dir: /home/tc/work/CGU/sign_XinChangcheng/build/CMakeFiles/CMakeTmp

Run Build Command:"/usr/bin/make" "cmTC_eb34b/fast"
/usr/bin/make -f CMakeFiles/cmTC_eb34b.dir/build.make CMakeFiles/cmTC_eb34b.dir/build
make[1]: 进入目录“/home/tc/work/CGU/sign_XinChangcheng/build/CMakeFiles/CMakeTmp”
Building CXX object CMakeFiles/cmTC_eb34b.dir/CheckFunctionExists.cxx.o
/opt/fsl-framebuffer/2.4.4/sysroots/x86_64-fslsdk-linux/usr/bin/arm-fsl-linux-gnueabi/arm-fsl-linux-gnueabi-g++   -march=armv7-a -marm -mfpu=neon -mfloat-abi=hard -mcpu=cortex-a9 --sysroot=/opt/fsl-framebuffer/2.4.4/sysroots/cortexa9hf-neon-fsl-linux-gnueabi    -O2 -pipe -feliminate-unused-debug-types  -DCHECK_FUNCTION_EXISTS=pthread_create   -o CMakeFiles/cmTC_eb34b.dir/CheckFunctionExists.cxx.o -c /home/tc/work/CGU/sign_XinChangcheng/build/CMakeFiles/CheckLibraryExists/CheckFunctionExists.cxx
Linking CXX executable cmTC_eb34b
/opt/fsl-framebuffer/2.4.4/sysroots/x86_64-fslsdk-linux/usr/bin/cmake -E cmake_link_script CMakeFiles/cmTC_eb34b.dir/link.txt --verbose=1
/opt/fsl-framebuffer/2.4.4/sysroots/x86_64-fslsdk-linux/usr/bin/arm-fsl-linux-gnueabi/arm-fsl-linux-gnueabi-g++   -march=armv7-a -marm -mfpu=neon -mfloat-abi=hard -mcpu=cortex-a9 --sysroot=/opt/fsl-framebuffer/2.4.4/sysroots/cortexa9hf-neon-fsl-linux-gnueabi   -O2 -pipe -feliminate-unused-debug-types  -DCHECK_FUNCTION_EXISTS=pthread_create  -Wl,-O2 -Wl,--hash-style=gnu -Wl,--as-needed  CMakeFiles/cmTC_eb34b.dir/CheckFunctionExists.cxx.o  -o cmTC_eb34b -lpthread 
make[1]: 离开目录“/home/tc/work/CGU/sign_XinChangcheng/build/CMakeFiles/CMakeTmp”


